<?xml version="1.0" encoding="UTF-8"?>
<testsuite name="org.example.MainTest" tests="5" skipped="0" failures="0" errors="0" timestamp="2024-11-03T11:42:03" hostname="EC-5CD424CWGK" time="0.048">
  <properties/>
  <testcase name="suma()" classname="org.example.MainTest" time="0.03"/>
  <testcase name="resta()" classname="org.example.MainTest" time="0.001"/>
  <testcase name="division()" classname="org.example.MainTest" time="0.006"/>
  <testcase name="divisionPorCero()" classname="org.example.MainTest" time="0.005"/>
  <testcase name="multiplicacion()" classname="org.example.MainTest" time="0.001"/>
  <system-out><![CDATA[]]></system-out>
  <system-err><![CDATA[]]></system-err>
</testsuite>
